<?xml version="1.0" encoding="UTF-8"?>
<coverage generated="1565790681244" clover="3.2.0">
  <project timestamp="1565790681244" name="All files">
    <metrics statements="21" coveredstatements="21" conditionals="3" coveredconditionals="3" methods="12" coveredmethods="11" elements="36" coveredelements="35" complexity="0" loc="21" ncloc="21" packages="3" files="4" classes="4">
      <package name="components">
        <metrics statements="11" coveredstatements="11" conditionals="0" coveredconditionals="0" methods="8" coveredmethods="7"/>
        <file name="app.js" path="/Users/eugenevanzyl/Desktop/giftgiver/src/components/app.js">
          <metrics statements="5" coveredstatements="5" conditionals="0" coveredconditionals="0" methods="4" coveredmethods="3"/>
          <line num="8" count="2" type="stmt"/>
          <line num="10" count="2" type="stmt"/>
          <line num="11" count="2" type="stmt"/>
          <line num="13" count="2" type="stmt"/>
          <line num="23" count="3" type="stmt"/>
        </file>
        <file name="gift.js" path="/Users/eugenevanzyl/Desktop/giftgiver/src/components/gift.js">
          <metrics statements="6" coveredstatements="6" conditionals="0" coveredconditionals="0" methods="4" coveredmethods="4"/>
          <line num="6" count="6" type="stmt"/>
          <line num="7" count="6" type="stmt"/>
          <line num="9" count="6" type="stmt"/>
          <line num="11" count="1" type="stmt"/>
          <line num="13" count="1" type="stmt"/>
          <line num="15" count="1" type="stmt"/>
        </file>
      </package>
      <package name="helper">
        <metrics statements="8" coveredstatements="8" conditionals="3" coveredconditionals="3" methods="4" coveredmethods="4"/>
        <file name="index.js" path="/Users/eugenevanzyl/Desktop/giftgiver/src/helper/index.js">
          <metrics statements="8" coveredstatements="8" conditionals="3" coveredconditionals="3" methods="4" coveredmethods="4"/>
          <line num="1" count="2" type="stmt"/>
          <line num="6" count="2" type="stmt"/>
          <line num="8" count="2" type="stmt"/>
          <line num="9" count="4" type="stmt"/>
          <line num="10" count="4" type="cond" truecount="3" falsecount="0"/>
          <line num="11" count="1" type="stmt"/>
          <line num="12" count="2" type="stmt"/>
          <line num="13" count="1" type="stmt"/>
        </file>
      </package>
      <package name="styles">
        <metrics statements="2" coveredstatements="2" conditionals="0" coveredconditionals="0" methods="0" coveredmethods="0"/>
        <file name="index.js" path="/Users/eugenevanzyl/Desktop/giftgiver/src/styles/index.js">
          <metrics statements="2" coveredstatements="2" conditionals="0" coveredconditionals="0" methods="0" coveredmethods="0"/>
          <line num="1" count="2" type="stmt"/>
          <line num="16" count="2" type="stmt"/>
        </file>
      </package>
    </metrics>
  </project>
</coverage>
