{"/Users/eugenevanzyl/Desktop/giftgiver/src/components/app.js": {"path":"/Users/eugenevanzyl/Desktop/giftgiver/src/components/app.js","statementMap":{"0":{"start":{"line":8,"column":30},"end":{"line":8,"column":63}},"1":{"start":{"line":10,"column":20},"end":{"line":10,"column":52}},"2":{"start":{"line":10,"column":24},"end":{"line":10,"column":52}},"3":{"start":{"line":11,"column":23},"end":{"line":11,"column":68}},"4":{"start":{"line":11,"column":29},"end":{"line":11,"column":68}},"5":{"start":{"line":13,"column":4},"end":{"line":25,"column":10}},"6":{"start":{"line":23,"column":31},"end":{"line":23,"column":86}}},"fnMap":{"0":{"name":"(anonymous_0)","decl":{"start":{"line":7,"column":15},"end":{"line":7,"column":16}},"loc":{"start":{"line":7,"column":19},"end":{"line":26,"column":1}},"line":7},"1":{"name":"(anonymous_1)","decl":{"start":{"line":10,"column":20},"end":{"line":10,"column":21}},"loc":{"start":{"line":10,"column":24},"end":{"line":10,"column":52}},"line":10},"2":{"name":"(anonymous_2)","decl":{"start":{"line":11,"column":23},"end":{"line":11,"column":24}},"loc":{"start":{"line":11,"column":29},"end":{"line":11,"column":68}},"line":11},"3":{"name":"(anonymous_3)","decl":{"start":{"line":23,"column":23},"end":{"line":23,"column":24}},"loc":{"start":{"line":23,"column":31},"end":{"line":23,"column":86}},"line":23}},"branchMap":{},"s":{"0":2,"1":2,"2":1,"3":2,"4":0,"5":2,"6":3},"f":{"0":2,"1":1,"2":0,"3":3},"b":{},"_coverageSchema":"332fd63041d2c1bcb487cc26dd0d5f7d97098a6c","hash":"720920bf4f2a1766684ce8224ee2e2117a2945c3"}
,"/Users/eugenevanzyl/Desktop/giftgiver/src/components/gift.js": {"path":"/Users/eugenevanzyl/Desktop/giftgiver/src/components/gift.js","statementMap":{"0":{"start":{"line":6,"column":32},"end":{"line":6,"column":64}},"1":{"start":{"line":7,"column":34},"end":{"line":7,"column":68}},"2":{"start":{"line":9,"column":4},"end":{"line":17,"column":10}},"3":{"start":{"line":11,"column":93},"end":{"line":11,"column":118}},"4":{"start":{"line":13,"column":94},"end":{"line":13,"column":120}},"5":{"start":{"line":15,"column":56},"end":{"line":15,"column":73}}},"fnMap":{"0":{"name":"(anonymous_0)","decl":{"start":{"line":5,"column":15},"end":{"line":5,"column":16}},"loc":{"start":{"line":5,"column":35},"end":{"line":18,"column":1}},"line":5},"1":{"name":"(anonymous_1)","decl":{"start":{"line":11,"column":88},"end":{"line":11,"column":89}},"loc":{"start":{"line":11,"column":93},"end":{"line":11,"column":118}},"line":11},"2":{"name":"(anonymous_2)","decl":{"start":{"line":13,"column":89},"end":{"line":13,"column":90}},"loc":{"start":{"line":13,"column":94},"end":{"line":13,"column":120}},"line":13},"3":{"name":"(anonymous_3)","decl":{"start":{"line":15,"column":52},"end":{"line":15,"column":53}},"loc":{"start":{"line":15,"column":56},"end":{"line":15,"column":73}},"line":15}},"branchMap":{},"s":{"0":6,"1":6,"2":6,"3":1,"4":1,"5":1},"f":{"0":6,"1":1,"2":1,"3":1},"b":{},"_coverageSchema":"332fd63041d2c1bcb487cc26dd0d5f7d97098a6c","hash":"a1c3886b61860937a3dd841ff184f736b213fda4"}
,"/Users/eugenevanzyl/Desktop/giftgiver/src/helper/index.js": {"path":"/Users/eugenevanzyl/Desktop/giftgiver/src/helper/index.js","statementMap":{"0":{"start":{"line":1,"column":28},"end":{"line":5,"column":1}},"1":{"start":{"line":6,"column":12},"end":{"line":6,"column":61}},"2":{"start":{"line":6,"column":21},"end":{"line":6,"column":61}},"3":{"start":{"line":6,"column":48},"end":{"line":6,"column":55}},"4":{"start":{"line":8,"column":23},"end":{"line":15,"column":1}},"5":{"start":{"line":9,"column":17},"end":{"line":9,"column":23}},"6":{"start":{"line":10,"column":4},"end":{"line":14,"column":5}},"7":{"start":{"line":11,"column":28},"end":{"line":11,"column":72}},"8":{"start":{"line":11,"column":56},"end":{"line":11,"column":70}},"9":{"start":{"line":12,"column":25},"end":{"line":12,"column":60}},"10":{"start":{"line":13,"column":17},"end":{"line":13,"column":54}}},"fnMap":{"0":{"name":"(anonymous_0)","decl":{"start":{"line":6,"column":12},"end":{"line":6,"column":13}},"loc":{"start":{"line":6,"column":21},"end":{"line":6,"column":61}},"line":6},"1":{"name":"(anonymous_1)","decl":{"start":{"line":6,"column":40},"end":{"line":6,"column":41}},"loc":{"start":{"line":6,"column":48},"end":{"line":6,"column":55}},"line":6},"2":{"name":"(anonymous_2)","decl":{"start":{"line":8,"column":23},"end":{"line":8,"column":24}},"loc":{"start":{"line":8,"column":42},"end":{"line":15,"column":1}},"line":8},"3":{"name":"(anonymous_3)","decl":{"start":{"line":11,"column":48},"end":{"line":11,"column":49}},"loc":{"start":{"line":11,"column":56},"end":{"line":11,"column":70}},"line":11}},"branchMap":{"0":{"loc":{"start":{"line":10,"column":4},"end":{"line":14,"column":5}},"type":"switch","locations":[{"start":{"line":11,"column":8},"end":{"line":11,"column":72}},{"start":{"line":12,"column":8},"end":{"line":12,"column":60}},{"start":{"line":13,"column":8},"end":{"line":13,"column":54}}],"line":10}},"s":{"0":2,"1":2,"2":2,"3":2,"4":2,"5":4,"6":4,"7":1,"8":1,"9":2,"10":1},"f":{"0":2,"1":2,"2":4,"3":1},"b":{"0":[1,2,1]},"_coverageSchema":"332fd63041d2c1bcb487cc26dd0d5f7d97098a6c","hash":"4672ca1849dfb182b55683d74481d89bb05040d2"}
,"/Users/eugenevanzyl/Desktop/giftgiver/src/styles/index.js": {"path":"/Users/eugenevanzyl/Desktop/giftgiver/src/styles/index.js","statementMap":{"0":{"start":{"line":1,"column":26},"end":{"line":14,"column":1}},"1":{"start":{"line":16,"column":25},"end":{"line":31,"column":1}}},"fnMap":{},"branchMap":{},"s":{"0":2,"1":2},"f":{},"b":{},"_coverageSchema":"332fd63041d2c1bcb487cc26dd0d5f7d97098a6c","hash":"a44d9a9f44b883e9506c87e69741b57c758872bb"}
}
