TN:
SF:/Users/eugenevanzyl/Desktop/giftgiver/src/components/app.js
FN:7,(anonymous_0)
FN:10,(anonymous_1)
FN:11,(anonymous_2)
FN:23,(anonymous_3)
FNF:4
FNH:3
FNDA:2,(anonymous_0)
FNDA:1,(anonymous_1)
FNDA:0,(anonymous_2)
FNDA:3,(anonymous_3)
DA:8,2
DA:10,2
DA:11,2
DA:13,2
DA:23,3
LF:5
LH:5
BRF:0
BRH:0
end_of_record
TN:
SF:/Users/eugenevanzyl/Desktop/giftgiver/src/components/gift.js
FN:5,(anonymous_0)
FN:11,(anonymous_1)
FN:13,(anonymous_2)
FN:15,(anonymous_3)
FNF:4
FNH:4
FNDA:6,(anonymous_0)
FNDA:1,(anonymous_1)
FNDA:1,(anonymous_2)
FNDA:1,(anonymous_3)
DA:6,6
DA:7,6
DA:9,6
DA:11,1
DA:13,1
DA:15,1
LF:6
LH:6
BRF:0
BRH:0
end_of_record
TN:
SF:/Users/eugenevanzyl/Desktop/giftgiver/src/helper/index.js
FN:6,(anonymous_0)
FN:6,(anonymous_1)
FN:8,(anonymous_2)
FN:11,(anonymous_3)
FNF:4
FNH:4
FNDA:2,(anonymous_0)
FNDA:2,(anonymous_1)
FNDA:4,(anonymous_2)
FNDA:1,(anonymous_3)
DA:1,2
DA:6,2
DA:8,2
DA:9,4
DA:10,4
DA:11,1
DA:12,2
DA:13,1
LF:8
LH:8
BRDA:10,0,0,1
BRDA:10,0,1,2
BRDA:10,0,2,1
BRF:3
BRH:3
end_of_record
TN:
SF:/Users/eugenevanzyl/Desktop/giftgiver/src/styles/index.js
FNF:0
FNH:0
DA:1,2
DA:16,2
LF:2
LH:2
BRF:0
BRH:0
end_of_record
